{"/Users/joyce/Documents/Microverse/exercises/To-do-list/src/modules/clearCompletedTasks.js": {"path":"/Users/joyce/Documents/Microverse/exercises/To-do-list/src/modules/clearCompletedTasks.js","statementMap":{"0":{"start":{"line":2,"column":2},"end":{"line":2,"column":69}},"1":{"start":{"line":2,"column":43},"end":{"line":2,"column":67}},"2":{"start":{"line":3,"column":10},"end":{"line":3,"column":11}},"3":{"start":{"line":4,"column":2},"end":{"line":7,"column":5}},"4":{"start":{"line":5,"column":4},"end":{"line":5,"column":24}},"5":{"start":{"line":6,"column":4},"end":{"line":6,"column":11}},"6":{"start":{"line":8,"column":2},"end":{"line":8,"column":63}},"7":{"start":{"line":9,"column":2},"end":{"line":9,"column":20}}},"fnMap":{"0":{"name":"(anonymous_0)","decl":{"start":{"line":1,"column":15},"end":{"line":1,"column":16}},"loc":{"start":{"line":1,"column":31},"end":{"line":10,"column":1}},"line":1},"1":{"name":"(anonymous_1)","decl":{"start":{"line":2,"column":33},"end":{"line":2,"column":34}},"loc":{"start":{"line":2,"column":43},"end":{"line":2,"column":67}},"line":2},"2":{"name":"(anonymous_2)","decl":{"start":{"line":4,"column":21},"end":{"line":4,"column":22}},"loc":{"start":{"line":4,"column":36},"end":{"line":7,"column":3}},"line":4}},"branchMap":{},"s":{"0":1,"1":3,"2":1,"3":1,"4":2,"5":2,"6":1,"7":1},"f":{"0":1,"1":3,"2":2},"b":{},"_coverageSchema":"1a1c01bbd47fc00a2c39e90264f33305004495a9","hash":"c2eef70894dfdacc8d28a1beb01a53b8c92fd8e0"}
,"/Users/joyce/Documents/Microverse/exercises/To-do-list/src/modules/editComponents.js": {"path":"/Users/joyce/Documents/Microverse/exercises/To-do-list/src/modules/editComponents.js","statementMap":{"0":{"start":{"line":2,"column":2},"end":{"line":18,"column":5}},"1":{"start":{"line":3,"column":4},"end":{"line":9,"column":7}},"2":{"start":{"line":4,"column":24},"end":{"line":4,"column":66}},"3":{"start":{"line":5,"column":6},"end":{"line":8,"column":7}},"4":{"start":{"line":6,"column":8},"end":{"line":6,"column":59}},"5":{"start":{"line":7,"column":8},"end":{"line":7,"column":69}},"6":{"start":{"line":11,"column":4},"end":{"line":17,"column":7}},"7":{"start":{"line":12,"column":6},"end":{"line":16,"column":7}},"8":{"start":{"line":13,"column":8},"end":{"line":13,"column":42}},"9":{"start":{"line":15,"column":8},"end":{"line":15,"column":47}}},"fnMap":{"0":{"name":"(anonymous_0)","decl":{"start":{"line":1,"column":15},"end":{"line":1,"column":16}},"loc":{"start":{"line":1,"column":43},"end":{"line":19,"column":1}},"line":1},"1":{"name":"(anonymous_1)","decl":{"start":{"line":2,"column":21},"end":{"line":2,"column":22}},"loc":{"start":{"line":2,"column":32},"end":{"line":18,"column":3}},"line":2},"2":{"name":"(anonymous_2)","decl":{"start":{"line":3,"column":36},"end":{"line":3,"column":37}},"loc":{"start":{"line":3,"column":47},"end":{"line":9,"column":5}},"line":3},"3":{"name":"(anonymous_3)","decl":{"start":{"line":11,"column":36},"end":{"line":11,"column":37}},"loc":{"start":{"line":11,"column":42},"end":{"line":17,"column":5}},"line":11}},"branchMap":{"0":{"loc":{"start":{"line":5,"column":6},"end":{"line":8,"column":7}},"type":"if","locations":[{"start":{"line":5,"column":6},"end":{"line":8,"column":7}},{"start":{},"end":{}}],"line":5},"1":{"loc":{"start":{"line":12,"column":6},"end":{"line":16,"column":7}},"type":"if","locations":[{"start":{"line":12,"column":6},"end":{"line":16,"column":7}},{"start":{"line":14,"column":13},"end":{"line":16,"column":7}}],"line":12}},"s":{"0":1,"1":2,"2":0,"3":0,"4":0,"5":0,"6":2,"7":0,"8":0,"9":0},"f":{"0":1,"1":2,"2":0,"3":0},"b":{"0":[0,0],"1":[0,0]},"_coverageSchema":"1a1c01bbd47fc00a2c39e90264f33305004495a9","hash":"7de77c7c0c1565ea99352c533ae281cfee6a1776"}
,"/Users/joyce/Documents/Microverse/exercises/To-do-list/src/modules/functions.js": {"path":"/Users/joyce/Documents/Microverse/exercises/To-do-list/src/modules/functions.js","statementMap":{"0":{"start":{"line":1,"column":31},"end":{"line":9,"column":1}},"1":{"start":{"line":2,"column":23},"end":{"line":6,"column":3}},"2":{"start":{"line":8,"column":2},"end":{"line":8,"column":22}},"3":{"start":{"line":11,"column":32},"end":{"line":18,"column":1}},"4":{"start":{"line":12,"column":2},"end":{"line":12,"column":30}},"5":{"start":{"line":13,"column":10},"end":{"line":13,"column":15}},"6":{"start":{"line":14,"column":2},"end":{"line":17,"column":3}},"7":{"start":{"line":15,"column":4},"end":{"line":15,"column":32}},"8":{"start":{"line":16,"column":4},"end":{"line":16,"column":11}}},"fnMap":{"0":{"name":"(anonymous_0)","decl":{"start":{"line":1,"column":31},"end":{"line":1,"column":32}},"loc":{"start":{"line":1,"column":68},"end":{"line":9,"column":1}},"line":1},"1":{"name":"(anonymous_1)","decl":{"start":{"line":11,"column":32},"end":{"line":11,"column":33}},"loc":{"start":{"line":11,"column":55},"end":{"line":18,"column":1}},"line":11}},"branchMap":{},"s":{"0":1,"1":1,"2":1,"3":1,"4":1,"5":1,"6":1,"7":1,"8":1},"f":{"0":1,"1":1},"b":{},"_coverageSchema":"1a1c01bbd47fc00a2c39e90264f33305004495a9","hash":"a0ae121dedd1ab8e8c332ee748f24c6a30de40eb"}
,"/Users/joyce/Documents/Microverse/exercises/To-do-list/src/modules/updateComponents.js": {"path":"/Users/joyce/Documents/Microverse/exercises/To-do-list/src/modules/updateComponents.js","statementMap":{"0":{"start":{"line":2,"column":2},"end":{"line":2,"column":61}},"1":{"start":{"line":3,"column":2},"end":{"line":3,"column":63}}},"fnMap":{"0":{"name":"(anonymous_0)","decl":{"start":{"line":1,"column":15},"end":{"line":1,"column":16}},"loc":{"start":{"line":1,"column":38},"end":{"line":4,"column":1}},"line":1}},"branchMap":{},"s":{"0":1,"1":1},"f":{"0":1},"b":{},"_coverageSchema":"1a1c01bbd47fc00a2c39e90264f33305004495a9","hash":"02df0db07f57a631d9fb471fa9b9f6c51528c80a"}
}
